
  Thu Sep 28 2023, status - 401, error message - Access denied. Please Login
  Thu Sep 28 2023, status - 404, error message - Page Not Found in users!
  Thu Sep 28 2023, status - 404, error message - Page Not Found!
  Thu Sep 28 2023, status - 404, error message - Page Not Found in users!
  Thu Sep 28 2023, status - 404, error message - Page Not Found!
  Thu Sep 28 2023, status - 404, error message - Page Not Found in users!
  Thu Sep 28 2023, status - 404, error message - Page Not Found in users!
  Thu Sep 28 2023, status - 404, error message - Page Not Found in users!
  Thu Sep 28 2023, status - 404, error message - Page Not Found in users!
  Thu Sep 28 2023, status - 404, error message - Page Not Found in users!
  Thu Sep 28 2023, status - 404, error message - Page Not Found in users!
  Thu Sep 28 2023, status - 404, error message - Page Not Found in users!
  Thu Sep 28 2023, status - 404, error message - Page Not Found in users!
  Thu Sep 28 2023, status - 401, error message - Access denied. Please Login
  Thu Sep 28 2023, status - 404, error message - Page Not Found in users!
  Thu Sep 28 2023, status - 401, error message - Access denied. Please Login
  Thu Sep 28 2023, status - 401, error message - Access denied. Please Login
  Thu Sep 28 2023, status - 401, error message - Access denied. Please Login
  Thu Sep 28 2023, status - 401, error message - Access denied. Please Login
  Thu Sep 28 2023, status - 400, error message - You have an account on the site using your Google account, please log in via regeister google user
  Thu Sep 28 2023, status - 403, error message - Access denied. you must be an admin user
  Thu Sep 28 2023, status - 403, error message - Access denied. you must be an admin user
  Thu Sep 28 2023, status - 403, error message - Access denied. you must be an admin user
  Thu Sep 28 2023, status - 400, error message - User already registered
  Thu Sep 28 2023, status - 400, error message - Invalid email or password
  Thu Sep 28 2023, status - 400, error message - Invalid email or password, three more login attempts left
  Thu Sep 28 2023, status - 400, error message - Invalid email or password, 2 more login attempts left
  Thu Sep 28 2023, status - 400, error message - Invalid email or password, 1 more login attempts left
  Thu Sep 28 2023, status - 400, error message - Invalid email or password, three more login attempts left
  Thu Sep 28 2023, status - 400, error message - Invalid email or password, three more login attempts left
  Thu Sep 28 2023, status - 400, error message - Invalid email or password, three more login attempts left
  Thu Sep 28 2023, status - 400, error message - Invalid email or password, three more login attempts left
  Thu Sep 28 2023, status - 400, error message - Invalid email or password, three more login attempts left
  Thu Sep 28 2023, status - 400, error message - Invalid email or password, three more login attempts left
  Thu Sep 28 2023, status - 400, error message - You have tried to enter an incorrect username or password more than three times, please try again in 24 hours   
  Thu Sep 28 2023, status - 400, error message - Invalid email or password, 3 more login attempts left
  Thu Sep 28 2023, status - 400, error message - Invalid email or password, 2 more login attempts left
  Thu Sep 28 2023, status - 400, error message - Invalid email or password, 1 more login attempts left
  Thu Sep 28 2023, status - 400, error message - You have tried to enter an incorrect username or password more than three times, please try again in 24 hours   
  Thu Sep 28 2023, status - 400, error message - You have tried to enter an incorrect username or password more than three times, please try again in 24 hours   
  Thu Sep 28 2023, status - 400, error message - You have tried to enter an incorrect username or password more than three times, please try again in 24 hours   