
  Wed Sep 27 2023, status - 400, error message - Invalid email or password
  Wed Sep 27 2023, status - 400, error message - changeUserPasswordError is not a function
  Wed Sep 27 2023, status - 400, error message - DB is not defined
  Wed Sep 27 2023, status - 400, error message - Invalid email or password, Two more login attempts left
  Wed Sep 27 2023, status - 400, error message - Invalid email or password, 1 more login attempts left
  Wed Sep 27 2023, status - 400, error message - Invalid email or password, 0 more login attempts left
  Wed Sep 27 2023, status - 400, error message - Invalid email or password, -1 more login attempts left
  Wed Sep 27 2023, status - 400, error message - You have tried to enter an incorrect username or password more than three times, please try again in 3848
  Wed Sep 27 2023, status - 400, error message - You have tried to enter an incorrect username or password more than three times, please try again in 15185
  Wed Sep 27 2023, status - 400, error message - Invalid email or password, Two more login attempts left
  Wed Sep 27 2023, status - 400, error message - Invalid email or password, Two more login attempts left
  Wed Sep 27 2023, status - 400, error message - Invalid email or password, 1 more login attempts left
  Wed Sep 27 2023, status - 400, error message - Invalid email or password, 0 more login attempts left
  Wed Sep 27 2023, status - 400, error message - Invalid email or password, -1 more login attempts left
  Wed Sep 27 2023, status - 400, error message - You have tried to enter an incorrect username or password more than three times, please try again in 0.060066666666666664 minute 
  Wed Sep 27 2023, status - 400, error message - You have tried to enter an incorrect username or password more than three times, please try again in 0.5489 minute 
  Wed Sep 27 2023, status - 400, error message - You have tried to enter an incorrect username or password more than three times, please try again in 0.6414333333333333 minute 
  Wed Sep 27 2023, status - 400, error message - You have tried to enter an incorrect username or password more than three times, please try again in 1438.8758 minute 
  Wed Sep 27 2023, status - 400, error message - You have tried to enter an incorrect username or password more than three times, please try again in 1438.8012833333332 minute 
  Wed Sep 27 2023, status - 400, error message - You have tried to enter an incorrect username or password more than three times, please try again in 23.975898611111113 minute 
  Wed Sep 27 2023, status - 400, error message - You have tried to enter an incorrect username or password more than three times, please try again in 23.963331666666665 hours   
  Wed Sep 27 2023, status - 400, error message - Invalid email or password, Two more login attempts left
  Wed Sep 27 2023, status - 400, error message - Invalid email or password, 1 more login attempts left
  Wed Sep 27 2023, status - 400, error message - Invalid email or password, 0 more login attempts left
  Wed Sep 27 2023, status - 400, error message - You have tried to enter an incorrect username or password more than three times, please try again in 23.998844166666668 hours   
  Wed Sep 27 2023, status - 400, error message - Invalid email or password, three more login attempts left
  Wed Sep 27 2023, status - 400, error message - Invalid email or password, 2 more login attempts left
  Wed Sep 27 2023, status - 400, error message - Invalid email or password, 1 more login attempts left
  Wed Sep 27 2023, status - 400, error message - You have tried to enter an incorrect username or password more than three times, please try again in 23.999648611111112 hours   
  Wed Sep 27 2023, status - 400, error message - You have tried to enter an incorrect username or password more than three times, please try again in 23.99491111111111 hours   
  Wed Sep 27 2023, status - 400, error message - You have tried to enter an incorrect username or password more than three times, please try again in 23.99421111111111 hours   
  Wed Sep 27 2023, status - 400, error message - You have tried to enter an incorrect username or password more than three times, please try again in 23.99365388888889 hours   
  Wed Sep 27 2023, status - 400, error message - You have tried to enter an incorrect username or password more than three times, please try again in 24 hours   
  Wed Sep 27 2023, status - 400, error message - You have tried to enter an incorrect username or password more than three times, please try again in 24 hours   
  Wed Sep 27 2023, status - 400, error message - You have tried to enter an incorrect username or password more than three times, please try again in 24 hours   
  Wed Sep 27 2023, status - 400, error message - You have tried to enter an incorrect username or password more than three times, please try again in 24 hours   
  Wed Sep 27 2023, status - 400, error message - You have tried to enter an incorrect username or password more than three times, please try again in 24 hours   
  Wed Sep 27 2023, status - 400, error message - You have tried to enter an incorrect username or password more than three times, please try again in 24 hours   
  Wed Sep 27 2023, status - 400, error message - You have tried to enter an incorrect username or password more than three times, please try again in 24 hours   
  Wed Sep 27 2023, status - 400, error message - You have tried to enter an incorrect username or password more than three times, please try again in 24 hours   
  Wed Sep 27 2023, status - 400, error message - You have tried to enter an incorrect username or password more than three times, please try again in 24 hours   
  Wed Sep 27 2023, status - 400, error message - You have tried to enter an incorrect username or password more than three times, please try again in 24 hours   
  Wed Sep 27 2023, status - 400, error message - You have tried to enter an incorrect username or password more than three times, please try again in 24 hours   
  Wed Sep 27 2023, status - 400, error message - You have tried to enter an incorrect username or password more than three times, please try again in 24 hours   
  Wed Sep 27 2023, status - 400, error message - You have tried to enter an incorrect username or password more than three times, please try again in 24 hours   
  Wed Sep 27 2023, status - 400, error message - You have tried to enter an incorrect username or password more than three times, please try again in 24 hours   
  Wed Sep 27 2023, status - 400, error message - You have tried to enter an incorrect username or password more than three times, please try again in 24 hours   
  Wed Sep 27 2023, status - 400, error message - You have tried to enter an incorrect username or password more than three times, please try again in 48 hours   
  Wed Sep 27 2023, status - 400, error message - You have tried to enter an incorrect username or password more than three times, please try again in 24 hours   
  Wed Sep 27 2023, status - 400, error message - Invalid email or password, three more login attempts left
  Wed Sep 27 2023, status - 400, error message - Invalid email or password, three more login attempts left
  Wed Sep 27 2023, status - 400, error message - Invalid email or password, 2 more login attempts left
  Wed Sep 27 2023, status - 400, error message - Invalid email or password, 1 more login attempts left
  Wed Sep 27 2023, status - 400, error message - You have tried to enter an incorrect username or password more than three times, please try again in 24 hours   
  Wed Sep 27 2023, status - 400, error message - Invalid email or password, three more login attempts left
  Wed Sep 27 2023, status - 400, error message - Invalid email or password, three more login attempts left
  Wed Sep 27 2023, status - 400, error message - Invalid email or password, 2 more login attempts left
  Wed Sep 27 2023, status - 400, error message - Invalid email or password, 1 more login attempts left
  Wed Sep 27 2023, status - 400, error message - You have tried to enter an incorrect username or password more than three times, please try again in 24 hours   
  Wed Sep 27 2023, status - 400, error message - Invalid email or password, three more login attempts left
  Wed Sep 27 2023, status - 400, error message - Invalid email or password, 2 more login attempts left
  Wed Sep 27 2023, status - 400, error message - Invalid email or password, 1 more login attempts left
  Wed Sep 27 2023, status - 400, error message - You have tried to enter an incorrect username or password more than three times, please try again in 24 hours   
  Wed Sep 27 2023, status - 400, error message - You have tried to enter an incorrect username or password more than three times, please try again in 24 hours   
  Wed Sep 27 2023, status - 400, error message - You have tried to enter an incorrect username or password more than three times, please try again in 24 hours   
  Wed Sep 27 2023, status - 400, error message - You have tried to enter an incorrect username or password more than three times, please try again in 24 hours   
  Wed Sep 27 2023, status - 400, error message - You have tried to enter an incorrect username or password more than three times, please try again in 24 hours   
  Wed Sep 27 2023, status - 400, error message - You have tried to enter an incorrect username or password more than three times, please try again in 24 hours   
  Wed Sep 27 2023, status - 404, error message - Page Not Found!
  Wed Sep 27 2023, status - 401, error message - Unauthorized google user
  Wed Sep 27 2023, status - 401, error message - Unauthorized google user
  Wed Sep 27 2023, status - 401, error message - Unauthorized google user
  Wed Sep 27 2023, status - 401, error message - Unauthorized google user
  Wed Sep 27 2023, status - 401, error message - Unauthorized google user